<?xml version="1.0" encoding="UTF-8"?>
<testsuite name="lambdaexample.lambdaexample.AppTest" tests="1" skipped="0" failures="0" errors="0" timestamp="2017-01-26T21:15:06" hostname="USSJO-8RJJ5S1" time="0.006">
  <properties/>
  <testcase name="testApp" classname="lambdaexample.lambdaexample.AppTest" time="0.006"/>
  <system-out><![CDATA[]]></system-out>
  <system-err><![CDATA[]]></system-err>
</testsuite>
